<?xml version="1.0" encoding="UTF-8"?>
<!-- Generated by org.testng.reporters.JUnitReportReporter -->
<testsuite hostname="DESKTOP-SMT1AQL" name="testcases.TestWishlist" tests="1" failures="0" timestamp="16 Dec 2016 16:38:24 GMT" time="9.593" errors="0">
  <testcase name="verifyWishlistLogin" time="9.593" classname="testcases.TestWishlist"/>
</testsuite> <!-- testcases.TestWishlist -->
