<?xml version="1.0" encoding="UTF-8"?>
<!-- Generated by org.testng.reporters.JUnitReportReporter -->
<testsuite hostname="DESKTOP-SMT1AQL" name="testcases.TestHomePage" tests="1" failures="0" timestamp="16 Dec 2016 16:38:24 GMT" time="7.861" errors="0">
  <testcase name="verifyTitle" time="7.861" classname="testcases.TestHomePage"/>
</testsuite> <!-- testcases.TestHomePage -->
